<?xml version="1.0" encoding="UTF-8"?>
<testng-results skipped="0" failed="0" total="2" passed="2">
  <reporter-output>
  </reporter-output>
  <suite name="Suite" duration-ms="32026" started-at="2016-10-24T13:18:46Z" finished-at="2016-10-24T13:19:18Z">
    <groups>
    </groups>
    <test name="192.168.245.101:5555" duration-ms="29549" started-at="2016-10-24T13:18:46Z" finished-at="2016-10-24T13:19:16Z">
      <class name="com.appium_multi_dev_test.MultDemo">
        <test-method status="PASS" signature="beforeTest(java.lang.String, java.lang.String)[pri:0, instance:com.appium_multi_dev_test.MultDemo@7efeedca]" name="beforeTest" is-config="true" duration-ms="25092" started-at="2016-10-24T21:18:46Z" finished-at="2016-10-24T21:19:11Z">
          <params>
            <param index="0">
              <value>
                <![CDATA[192.168.245.101:5555]]>
              </value>
            </param>
            <param index="1">
              <value>
                <![CDATA[4490]]>
              </value>
            </param>
          </params>
          <reporter-output>
          </reporter-output>
        </test-method> <!-- beforeTest -->
        <test-method status="PASS" signature="add()[pri:0, instance:com.appium_multi_dev_test.MultDemo@7efeedca]" name="add" duration-ms="4445" started-at="2016-10-24T21:19:11Z" finished-at="2016-10-24T21:19:16Z">
          <reporter-output>
          </reporter-output>
        </test-method> <!-- add -->
        <test-method status="PASS" signature="afterTest()[pri:0, instance:com.appium_multi_dev_test.MultDemo@7efeedca]" name="afterTest" is-config="true" duration-ms="1" started-at="2016-10-24T21:19:16Z" finished-at="2016-10-24T21:19:16Z">
          <reporter-output>
          </reporter-output>
        </test-method> <!-- afterTest -->
      </class> <!-- com.appium_multi_dev_test.MultDemo -->
    </test> <!-- 192.168.245.101:5555 -->
    <test name="192.168.245.102:5555" duration-ms="32026" started-at="2016-10-24T13:18:46Z" finished-at="2016-10-24T13:19:18Z">
      <class name="com.appium_multi_dev_test.MultDemo">
        <test-method status="PASS" signature="beforeTest(java.lang.String, java.lang.String)[pri:0, instance:com.appium_multi_dev_test.MultDemo@5f9c449f]" name="beforeTest" is-config="true" duration-ms="25046" started-at="2016-10-24T21:18:46Z" finished-at="2016-10-24T21:19:11Z">
          <params>
            <param index="0">
              <value>
                <![CDATA[192.168.245.102:5555]]>
              </value>
            </param>
            <param index="1">
              <value>
                <![CDATA[4491]]>
              </value>
            </param>
          </params>
          <reporter-output>
          </reporter-output>
        </test-method> <!-- beforeTest -->
        <test-method status="PASS" signature="add()[pri:0, instance:com.appium_multi_dev_test.MultDemo@5f9c449f]" name="add" duration-ms="6969" started-at="2016-10-24T21:19:11Z" finished-at="2016-10-24T21:19:18Z">
          <reporter-output>
          </reporter-output>
        </test-method> <!-- add -->
        <test-method status="PASS" signature="afterTest()[pri:0, instance:com.appium_multi_dev_test.MultDemo@5f9c449f]" name="afterTest" is-config="true" duration-ms="1" started-at="2016-10-24T21:19:18Z" finished-at="2016-10-24T21:19:18Z">
          <reporter-output>
          </reporter-output>
        </test-method> <!-- afterTest -->
      </class> <!-- com.appium_multi_dev_test.MultDemo -->
    </test> <!-- 192.168.245.102:5555 -->
  </suite> <!-- Suite -->
</testng-results>
